app/build/intermediates/manifest_merge_blame_file/debug/manifest-merger-blame-debug-report.txt
1<?xml version="1.0" encoding="utf-8"?>
2<manifest xmlns:android="http://schemas.android.com/apk/res/android"
3    package="com.soumio.inceptiontutorial"
4    android:versionCode="1"
5    android:versionName="1.0" >
6
7    <uses-sdk
8        android:minSdkVersion="21"
8-->src/main/AndroidManifest.xml
9        android:targetSdkVersion="31" />
9-->src/main/AndroidManifest.xml
10
11    <!-- Needed to use camera and store photos -->
12    <uses-feature
12-->src/main/AndroidManifest.xml:7:5-9:35
13        android:name="android.hardware.camera"
13-->src/main/AndroidManifest.xml:8:9-47
14        android:required="true" />
14-->src/main/AndroidManifest.xml:9:9-32
15    <uses-feature
15-->src/main/AndroidManifest.xml:10:5-12:35
16        android:name="android.hardware.camera.any"
16-->src/main/AndroidManifest.xml:11:9-51
17        android:required="true" />
17-->src/main/AndroidManifest.xml:12:9-32
18
19    <uses-permission android:name="android.permission.WRITE_EXTERNAL_STORAGE" />
19-->src/main/AndroidManifest.xml:13:5-81
19-->src/main/AndroidManifest.xml:13:22-78
20    <uses-permission android:name="android.permission.CAMERA" />
20-->src/main/AndroidManifest.xml:14:5-65
20-->src/main/AndroidManifest.xml:14:22-62
21
22    <application
22-->src/main/AndroidManifest.xml:16:5-36:19
23        android:allowBackup="true"
23-->src/main/AndroidManifest.xml:17:9-35
24        android:appComponentFactory="android.support.v4.app.CoreComponentFactory"
24-->[com.android.support:support-compat:28.0.0] AndroidManifest.xml:22:18-91
25        android:debuggable="true"
26        android:icon="@mipmap/ic_launcher"
26-->src/main/AndroidManifest.xml:18:9-43
27        android:label="@string/app_name"
27-->src/main/AndroidManifest.xml:19:9-41
28        android:roundIcon="@mipmap/ic_launcher_round"
28-->src/main/AndroidManifest.xml:20:9-54
29        android:supportsRtl="true"
29-->src/main/AndroidManifest.xml:21:9-35
30        android:testOnly="true"
31        android:theme="@style/AppTheme" >
31-->src/main/AndroidManifest.xml:22:9-40
32        <activity
32-->src/main/AndroidManifest.xml:23:9-32:20
33            android:name="com.soumio.inceptiontutorial.ChooseModel"
33-->src/main/AndroidManifest.xml:23:19-46
34            android:exported="true"
34-->src/main/AndroidManifest.xml:26:13-36
35            android:theme="@style/Theme.AppCompat " >
35-->src/main/AndroidManifest.xml:24:13-52
36            <intent-filter>
36-->src/main/AndroidManifest.xml:27:13-31:29
37                <action android:name="android.intent.action.MAIN" />
37-->src/main/AndroidManifest.xml:28:17-69
37-->src/main/AndroidManifest.xml:28:25-66
38
39                <category android:name="android.intent.category.LAUNCHER" />
39-->src/main/AndroidManifest.xml:30:17-77
39-->src/main/AndroidManifest.xml:30:27-74
40            </intent-filter>
41        </activity>
42        <activity android:name="com.soumio.inceptiontutorial.Classify" />
42-->src/main/AndroidManifest.xml:33:9-55
42-->src/main/AndroidManifest.xml:33:19-43
43        <!-- cropping activity -->
44        <activity
44-->src/main/AndroidManifest.xml:35:9-118
45            android:name="com.soundcloud.android.crop.CropImageActivity"
45-->src/main/AndroidManifest.xml:35:19-79
46            android:screenOrientation="portrait" />
46-->src/main/AndroidManifest.xml:35:80-116
47    </application>
48
49</manifest>